Analysis & Synthesis report for simon_says
Mon Dec 05 21:13:35 2016
Quartus II 64-Bit Version 13.1.0 Build 162 10/23/2013 SJ Web Edition


---------------------
; Table of Contents ;
---------------------
  1. Legal Notice
  2. Analysis & Synthesis Summary
  3. Analysis & Synthesis Settings
  4. Parallel Compilation
  5. Analysis & Synthesis Source Files Read
  6. Analysis & Synthesis Resource Usage Summary
  7. Analysis & Synthesis Resource Utilization by Entity
  8. State Machine - |top|simon_says:GAME|action
  9. Registers Removed During Synthesis
 10. General Register Statistics
 11. Inverted Register Statistics
 12. Multiplexer Restructuring Statistics (Restructuring Performed)
 13. Parameter Settings for User Entity Instance: simon_says:GAME|counter:Rand
 14. Elapsed Time Per Partition
 15. Analysis & Synthesis Messages



----------------
; Legal Notice ;
----------------
Copyright (C) 1991-2013 Altera Corporation
Your use of Altera Corporation's design tools, logic functions 
and other software and tools, and its AMPP partner logic 
functions, and any output files from any of the foregoing 
(including device programming or simulation files), and any 
associated documentation or information are expressly subject 
to the terms and conditions of the Altera Program License 
Subscription Agreement, Altera MegaCore Function License 
Agreement, or other applicable license agreement, including, 
without limitation, that your use is for the sole purpose of 
programming logic devices manufactured by Altera and sold by 
Altera or its authorized distributors.  Please refer to the 
applicable agreement for further details.



+---------------------------------------------------------------------------------+
; Analysis & Synthesis Summary                                                    ;
+------------------------------------+--------------------------------------------+
; Analysis & Synthesis Status        ; Successful - Mon Dec 05 21:13:35 2016      ;
; Quartus II 64-Bit Version          ; 13.1.0 Build 162 10/23/2013 SJ Web Edition ;
; Revision Name                      ; simon_says                                 ;
; Top-level Entity Name              ; top                                        ;
; Family                             ; Cyclone IV E                               ;
; Total logic elements               ; 500                                        ;
;     Total combinational functions  ; 425                                        ;
;     Dedicated logic registers      ; 211                                        ;
; Total registers                    ; 211                                        ;
; Total pins                         ; 68                                         ;
; Total virtual pins                 ; 0                                          ;
; Total memory bits                  ; 0                                          ;
; Embedded Multiplier 9-bit elements ; 0                                          ;
; Total PLLs                         ; 0                                          ;
+------------------------------------+--------------------------------------------+


+----------------------------------------------------------------------------------------------------------------------+
; Analysis & Synthesis Settings                                                                                        ;
+----------------------------------------------------------------------------+--------------------+--------------------+
; Option                                                                     ; Setting            ; Default Value      ;
+----------------------------------------------------------------------------+--------------------+--------------------+
; Device                                                                     ; EP4CE115F29C7      ;                    ;
; Top-level entity name                                                      ; top                ; simon_says         ;
; Family name                                                                ; Cyclone IV E       ; Cyclone IV GX      ;
; Use smart compilation                                                      ; Off                ; Off                ;
; Enable parallel Assembler and TimeQuest Timing Analyzer during compilation ; On                 ; On                 ;
; Enable compact report table                                                ; Off                ; Off                ;
; Restructure Multiplexers                                                   ; Auto               ; Auto               ;
; Create Debugging Nodes for IP Cores                                        ; Off                ; Off                ;
; Preserve fewer node names                                                  ; On                 ; On                 ;
; Disable OpenCore Plus hardware evaluation                                  ; Off                ; Off                ;
; Verilog Version                                                            ; Verilog_2001       ; Verilog_2001       ;
; VHDL Version                                                               ; VHDL_1993          ; VHDL_1993          ;
; State Machine Processing                                                   ; Auto               ; Auto               ;
; Safe State Machine                                                         ; Off                ; Off                ;
; Extract Verilog State Machines                                             ; On                 ; On                 ;
; Extract VHDL State Machines                                                ; On                 ; On                 ;
; Ignore Verilog initial constructs                                          ; Off                ; Off                ;
; Iteration limit for constant Verilog loops                                 ; 5000               ; 5000               ;
; Iteration limit for non-constant Verilog loops                             ; 250                ; 250                ;
; Add Pass-Through Logic to Inferred RAMs                                    ; On                 ; On                 ;
; Infer RAMs from Raw Logic                                                  ; On                 ; On                 ;
; Parallel Synthesis                                                         ; On                 ; On                 ;
; DSP Block Balancing                                                        ; Auto               ; Auto               ;
; NOT Gate Push-Back                                                         ; On                 ; On                 ;
; Power-Up Don't Care                                                        ; On                 ; On                 ;
; Remove Redundant Logic Cells                                               ; Off                ; Off                ;
; Remove Duplicate Registers                                                 ; On                 ; On                 ;
; Ignore CARRY Buffers                                                       ; Off                ; Off                ;
; Ignore CASCADE Buffers                                                     ; Off                ; Off                ;
; Ignore GLOBAL Buffers                                                      ; Off                ; Off                ;
; Ignore ROW GLOBAL Buffers                                                  ; Off                ; Off                ;
; Ignore LCELL Buffers                                                       ; Off                ; Off                ;
; Ignore SOFT Buffers                                                        ; On                 ; On                 ;
; Limit AHDL Integers to 32 Bits                                             ; Off                ; Off                ;
; Optimization Technique                                                     ; Balanced           ; Balanced           ;
; Carry Chain Length                                                         ; 70                 ; 70                 ;
; Auto Carry Chains                                                          ; On                 ; On                 ;
; Auto Open-Drain Pins                                                       ; On                 ; On                 ;
; Perform WYSIWYG Primitive Resynthesis                                      ; Off                ; Off                ;
; Auto ROM Replacement                                                       ; On                 ; On                 ;
; Auto RAM Replacement                                                       ; On                 ; On                 ;
; Auto DSP Block Replacement                                                 ; On                 ; On                 ;
; Auto Shift Register Replacement                                            ; Auto               ; Auto               ;
; Allow Shift Register Merging across Hierarchies                            ; Auto               ; Auto               ;
; Auto Clock Enable Replacement                                              ; On                 ; On                 ;
; Strict RAM Replacement                                                     ; Off                ; Off                ;
; Allow Synchronous Control Signals                                          ; On                 ; On                 ;
; Force Use of Synchronous Clear Signals                                     ; Off                ; Off                ;
; Auto RAM Block Balancing                                                   ; On                 ; On                 ;
; Auto RAM to Logic Cell Conversion                                          ; Off                ; Off                ;
; Auto Resource Sharing                                                      ; Off                ; Off                ;
; Allow Any RAM Size For Recognition                                         ; Off                ; Off                ;
; Allow Any ROM Size For Recognition                                         ; Off                ; Off                ;
; Allow Any Shift Register Size For Recognition                              ; Off                ; Off                ;
; Use LogicLock Constraints during Resource Balancing                        ; On                 ; On                 ;
; Ignore translate_off and synthesis_off directives                          ; Off                ; Off                ;
; Timing-Driven Synthesis                                                    ; On                 ; On                 ;
; Report Parameter Settings                                                  ; On                 ; On                 ;
; Report Source Assignments                                                  ; On                 ; On                 ;
; Report Connectivity Checks                                                 ; On                 ; On                 ;
; Ignore Maximum Fan-Out Assignments                                         ; Off                ; Off                ;
; Synchronization Register Chain Length                                      ; 2                  ; 2                  ;
; PowerPlay Power Optimization                                               ; Normal compilation ; Normal compilation ;
; HDL message level                                                          ; Level2             ; Level2             ;
; Suppress Register Optimization Related Messages                            ; Off                ; Off                ;
; Number of Removed Registers Reported in Synthesis Report                   ; 5000               ; 5000               ;
; Number of Swept Nodes Reported in Synthesis Report                         ; 5000               ; 5000               ;
; Number of Inverted Registers Reported in Synthesis Report                  ; 100                ; 100                ;
; Clock MUX Protection                                                       ; On                 ; On                 ;
; Auto Gated Clock Conversion                                                ; Off                ; Off                ;
; Block Design Naming                                                        ; Auto               ; Auto               ;
; SDC constraint protection                                                  ; Off                ; Off                ;
; Synthesis Effort                                                           ; Auto               ; Auto               ;
; Shift Register Replacement - Allow Asynchronous Clear Signal               ; On                 ; On                 ;
; Pre-Mapping Resynthesis Optimization                                       ; Off                ; Off                ;
; Analysis & Synthesis Message Level                                         ; Medium             ; Medium             ;
; Disable Register Merging Across Hierarchies                                ; Auto               ; Auto               ;
; Resource Aware Inference For Block RAM                                     ; On                 ; On                 ;
; Synthesis Seed                                                             ; 1                  ; 1                  ;
+----------------------------------------------------------------------------+--------------------+--------------------+


+------------------------------------------+
; Parallel Compilation                     ;
+----------------------------+-------------+
; Processors                 ; Number      ;
+----------------------------+-------------+
; Number detected on machine ; 4           ;
; Maximum allowed            ; 4           ;
;                            ;             ;
; Average used               ; 1.00        ;
; Maximum used               ; 1           ;
;                            ;             ;
; Usage by Processor         ; % Time Used ;
;     Processor 1            ; 100.0%      ;
;     Processors 2-4         ;   0.0%      ;
+----------------------------+-------------+


+----------------------------------------------------------------------------------------------------------------------------------------------------+
; Analysis & Synthesis Source Files Read                                                                                                             ;
+----------------------------------+-----------------+-----------------+-------------------------------------------------------------------+---------+
; File Name with User-Entered Path ; Used in Netlist ; File Type       ; File Name with Absolute Path                                      ; Library ;
+----------------------------------+-----------------+-----------------+-------------------------------------------------------------------+---------+
; double_seven_seg.vhd             ; yes             ; User VHDL File  ; D:/altera/13.1/quartus/my_designs/simon_says/double_seven_seg.vhd ;         ;
; vga.vhd                          ; yes             ; User VHDL File  ; D:/altera/13.1/quartus/my_designs/simon_says/vga.vhd              ;         ;
; counter.vhd                      ; yes             ; User VHDL File  ; D:/altera/13.1/quartus/my_designs/simon_says/counter.vhd          ;         ;
; register_file.vhd                ; yes             ; User VHDL File  ; D:/altera/13.1/quartus/my_designs/simon_says/register_file.vhd    ;         ;
; top.vhd                          ; yes             ; User VHDL File  ; D:/altera/13.1/quartus/my_designs/simon_says/top.vhd              ;         ;
; simon_says.vhd                   ; yes             ; User VHDL File  ; D:/altera/13.1/quartus/my_designs/simon_says/simon_says.vhd       ;         ;
+----------------------------------+-----------------+-----------------+-------------------------------------------------------------------+---------+


+------------------------------------------------------------+
; Analysis & Synthesis Resource Usage Summary                ;
+---------------------------------------------+--------------+
; Resource                                    ; Usage        ;
+---------------------------------------------+--------------+
; Estimated Total logic elements              ; 500          ;
;                                             ;              ;
; Total combinational functions               ; 425          ;
; Logic element usage by number of LUT inputs ;              ;
;     -- 4 input functions                    ; 246          ;
;     -- 3 input functions                    ; 86           ;
;     -- <=2 input functions                  ; 93           ;
;                                             ;              ;
; Logic elements by mode                      ;              ;
;     -- normal mode                          ; 360          ;
;     -- arithmetic mode                      ; 65           ;
;                                             ;              ;
; Total registers                             ; 211          ;
;     -- Dedicated logic registers            ; 211          ;
;     -- I/O registers                        ; 0            ;
;                                             ;              ;
; I/O pins                                    ; 68           ;
; Embedded Multiplier 9-bit elements          ; 0            ;
; Maximum fan-out node                        ; clk_50~input ;
; Maximum fan-out                             ; 165          ;
; Total fan-out                               ; 2149         ;
; Average fan-out                             ; 2.78         ;
+---------------------------------------------+--------------+


+-----------------------------------------------------------------------------------------------------------------------------------------------------------------------------------------------------+
; Analysis & Synthesis Resource Utilization by Entity                                                                                                                                                 ;
+---------------------------------+-------------------+--------------+-------------+--------------+---------+-----------+------+--------------+----------------------------------------+--------------+
; Compilation Hierarchy Node      ; LC Combinationals ; LC Registers ; Memory Bits ; DSP Elements ; DSP 9x9 ; DSP 18x18 ; Pins ; Virtual Pins ; Full Hierarchy Name                    ; Library Name ;
+---------------------------------+-------------------+--------------+-------------+--------------+---------+-----------+------+--------------+----------------------------------------+--------------+
; |top                            ; 425 (0)           ; 211 (0)      ; 0           ; 0            ; 0       ; 0         ; 68   ; 0            ; |top                                   ; work         ;
;    |double_seven_seg:SevenSeg1| ; 19 (19)           ; 13 (13)      ; 0           ; 0            ; 0       ; 0         ; 0    ; 0            ; |top|double_seven_seg:SevenSeg1        ; work         ;
;    |double_seven_seg:SevenSeg2| ; 19 (19)           ; 13 (13)      ; 0           ; 0            ; 0       ; 0         ; 0    ; 0            ; |top|double_seven_seg:SevenSeg2        ; work         ;
;    |simon_says:GAME|            ; 270 (172)         ; 138 (70)     ; 0           ; 0            ; 0       ; 0         ; 0    ; 0            ; |top|simon_says:GAME                   ; work         ;
;       |counter:Rand|            ; 2 (2)             ; 2 (2)        ; 0           ; 0            ; 0       ; 0         ; 0    ; 0            ; |top|simon_says:GAME|counter:Rand      ; work         ;
;       |register_file:Reg|       ; 96 (96)           ; 66 (66)      ; 0           ; 0            ; 0       ; 0         ; 0    ; 0            ; |top|simon_says:GAME|register_file:Reg ; work         ;
;    |vga:VGA_DISPLAY|            ; 117 (117)         ; 47 (47)      ; 0           ; 0            ; 0       ; 0         ; 0    ; 0            ; |top|vga:VGA_DISPLAY                   ; work         ;
+---------------------------------+-------------------+--------------+-------------+--------------+---------+-----------+------+--------------+----------------------------------------+--------------+
Note: For table entries with two numbers listed, the numbers in parentheses indicate the number of resources of the given type used by the specific entity alone. The numbers listed outside of parentheses indicate the total resources of the given type used by the specific entity and all of its sub-entities in the hierarchy.


Encoding Type:  One-Hot
+------------------------------------------------------------------------------------------------------------------------------+
; State Machine - |top|simon_says:GAME|action                                                                                  ;
+------------------+------------------+------------+----------------+-------------+-------------+---------------+--------------+
; Name             ; action.GAME_OVER ; action.TRY ; action.CORRECT ; action.PLAY ; action.SHOW ; action.CREATE ; action.START ;
+------------------+------------------+------------+----------------+-------------+-------------+---------------+--------------+
; action.START     ; 0                ; 0          ; 0              ; 0           ; 0           ; 0             ; 0            ;
; action.CREATE    ; 0                ; 0          ; 0              ; 0           ; 0           ; 1             ; 1            ;
; action.SHOW      ; 0                ; 0          ; 0              ; 0           ; 1           ; 0             ; 1            ;
; action.PLAY      ; 0                ; 0          ; 0              ; 1           ; 0           ; 0             ; 1            ;
; action.CORRECT   ; 0                ; 0          ; 1              ; 0           ; 0           ; 0             ; 1            ;
; action.TRY       ; 0                ; 1          ; 0              ; 0           ; 0           ; 0             ; 1            ;
; action.GAME_OVER ; 1                ; 0          ; 0              ; 0           ; 0           ; 0             ; 1            ;
+------------------+------------------+------------+----------------+-------------+-------------+---------------+--------------+


+---------------------------------------------------------------------------------+
; Registers Removed During Synthesis                                              ;
+----------------------------------------+----------------------------------------+
; Register name                          ; Reason for Removal                     ;
+----------------------------------------+----------------------------------------+
; simon_says:GAME|count                  ; Stuck at VCC due to stuck port data_in ;
; simon_says:GAME|clear                  ; Stuck at GND due to stuck port data_in ;
; double_seven_seg:SevenSeg1|segment7[8] ; Stuck at GND due to stuck port data_in ;
; double_seven_seg:SevenSeg2|segment7[8] ; Stuck at GND due to stuck port data_in ;
; Total Number of Removed Registers = 4  ;                                        ;
+----------------------------------------+----------------------------------------+


+------------------------------------------------------+
; General Register Statistics                          ;
+----------------------------------------------+-------+
; Statistic                                    ; Value ;
+----------------------------------------------+-------+
; Total registers                              ; 211   ;
; Number of registers using Synchronous Clear  ; 55    ;
; Number of registers using Synchronous Load   ; 3     ;
; Number of registers using Asynchronous Clear ; 0     ;
; Number of registers using Asynchronous Load  ; 0     ;
; Number of registers using Clock Enable       ; 123   ;
; Number of registers using Preset             ; 0     ;
+----------------------------------------------+-------+


+--------------------------------------------------+
; Inverted Register Statistics                     ;
+----------------------------------------+---------+
; Inverted Register                      ; Fan out ;
+----------------------------------------+---------+
; simon_says:GAME|tries[0]               ; 11      ;
; simon_says:GAME|tries[1]               ; 13      ;
; simon_says:GAME|enable                 ; 9       ;
; simon_says:GAME|writeEnable            ; 35      ;
; Total number of inverted registers = 4 ;         ;
+----------------------------------------+---------+


+--------------------------------------------------------------------------------------------------------------------------------------------------------------+
; Multiplexer Restructuring Statistics (Restructuring Performed)                                                                                               ;
+--------------------+-----------+---------------+----------------------+------------------------+------------+------------------------------------------------+
; Multiplexer Inputs ; Bus Width ; Baseline Area ; Area if Restructured ; Saving if Restructured ; Registered ; Example Multiplexer Output                     ;
+--------------------+-----------+---------------+----------------------+------------------------+------------+------------------------------------------------+
; 3:1                ; 16 bits   ; 32 LEs        ; 16 LEs               ; 16 LEs                 ; Yes        ; |top|simon_says:GAME|level[2]                  ;
; 3:1                ; 3 bits    ; 6 LEs         ; 6 LEs                ; 0 LEs                  ; Yes        ; |top|vga:VGA_DISPLAY|green_out[0]              ;
; 3:1                ; 2 bits    ; 4 LEs         ; 4 LEs                ; 0 LEs                  ; Yes        ; |top|vga:VGA_DISPLAY|green_out[5]              ;
; 3:1                ; 2 bits    ; 4 LEs         ; 2 LEs                ; 2 LEs                  ; Yes        ; |top|simon_says:GAME|register_file:Reg|outA[1] ;
; 3:1                ; 10 bits   ; 20 LEs        ; 10 LEs               ; 10 LEs                 ; Yes        ; |top|vga:VGA_DISPLAY|vertical_counter[9]       ;
; 4:1                ; 2 bits    ; 4 LEs         ; 4 LEs                ; 0 LEs                  ; Yes        ; |top|vga:VGA_DISPLAY|green_out[1]              ;
; 8:1                ; 32 bits   ; 160 LEs       ; 32 LEs               ; 128 LEs                ; Yes        ; |top|simon_says:GAME|timer[16]                 ;
; 14:1               ; 2 bits    ; 18 LEs        ; 6 LEs                ; 12 LEs                 ; Yes        ; |top|simon_says:GAME|blink[0]                  ;
; 25:1               ; 5 bits    ; 80 LEs        ; 5 LEs                ; 75 LEs                 ; Yes        ; |top|simon_says:GAME|regASel[0]                ;
; 6:1                ; 2 bits    ; 8 LEs         ; 2 LEs                ; 6 LEs                  ; Yes        ; |top|simon_says:GAME|tries[0]                  ;
; 3:1                ; 2 bits    ; 4 LEs         ; 4 LEs                ; 0 LEs                  ; No         ; |top|vga:VGA_DISPLAY|blue_out                  ;
; 6:1                ; 2 bits    ; 8 LEs         ; 8 LEs                ; 0 LEs                  ; No         ; |top|simon_says:GAME|states[0]                 ;
; 17:1               ; 4 bits    ; 44 LEs        ; 16 LEs               ; 28 LEs                 ; No         ; |top|simon_says:GAME|action                    ;
; 19:1               ; 2 bits    ; 24 LEs        ; 10 LEs               ; 14 LEs                 ; No         ; |top|simon_says:GAME|action                    ;
+--------------------+-----------+---------------+----------------------+------------------------+------------+------------------------------------------------+


+---------------------------------------------------------------------------+
; Parameter Settings for User Entity Instance: simon_says:GAME|counter:Rand ;
+----------------+-------+--------------------------------------------------+
; Parameter Name ; Value ; Type                                             ;
+----------------+-------+--------------------------------------------------+
; n              ; 4     ; Signed Integer                                   ;
+----------------+-------+--------------------------------------------------+
Note: In order to hide this table in the UI and the text report file, please set the "Show Parameter Settings in Synthesis Report" option in "Analysis and Synthesis Settings -> More Settings" to "Off".


+-------------------------------+
; Elapsed Time Per Partition    ;
+----------------+--------------+
; Partition Name ; Elapsed Time ;
+----------------+--------------+
; Top            ; 00:00:01     ;
+----------------+--------------+


+-------------------------------+
; Analysis & Synthesis Messages ;
+-------------------------------+
Info: *******************************************************************
Info: Running Quartus II 64-Bit Analysis & Synthesis
    Info: Version 13.1.0 Build 162 10/23/2013 SJ Web Edition
    Info: Processing started: Mon Dec 05 21:13:32 2016
Info: Command: quartus_map --read_settings_files=on --write_settings_files=off simon_says -c simon_says
Info (20030): Parallel compilation is enabled and will use 4 of the 4 processors detected
Info (12021): Found 2 design units, including 1 entities, in source file double_seven_seg.vhd
    Info (12022): Found design unit 1: double_seven_seg-Behavioral
    Info (12023): Found entity 1: double_seven_seg
Info (12021): Found 2 design units, including 1 entities, in source file vga.vhd
    Info (12022): Found design unit 1: vga-DesingGame
    Info (12023): Found entity 1: vga
Info (12021): Found 2 design units, including 1 entities, in source file counter.vhd
    Info (12022): Found design unit 1: counter-behavior
    Info (12023): Found entity 1: counter
Info (12021): Found 2 design units, including 1 entities, in source file register_file.vhd
    Info (12022): Found design unit 1: register_file-behavioral
    Info (12023): Found entity 1: register_file
Info (12021): Found 2 design units, including 1 entities, in source file top.vhd
    Info (12022): Found design unit 1: top-behavior
    Info (12023): Found entity 1: top
Info (12021): Found 2 design units, including 1 entities, in source file simon_says.vhd
    Info (12022): Found design unit 1: simon_says-behavior
    Info (12023): Found entity 1: simon_says
Info (12021): Found 2 design units, including 1 entities, in source file backup.vhd
    Info (12022): Found design unit 1: test-behavior
    Info (12023): Found entity 1: test
Info (12127): Elaborating entity "top" for the top level hierarchy
Info (12128): Elaborating entity "simon_says" for hierarchy "simon_says:GAME"
Info (10041): Inferred latch for "states[0]" at simon_says.vhd(282)
Info (10041): Inferred latch for "states[1]" at simon_says.vhd(282)
Info (10041): Inferred latch for "states[2]" at simon_says.vhd(282)
Info (12128): Elaborating entity "counter" for hierarchy "simon_says:GAME|counter:Rand"
Warning (10492): VHDL Process Statement warning at counter.vhd(27): signal "Pre_Q" is read inside the Process Statement but isn't in the Process Statement's sensitivity list
Info (12128): Elaborating entity "register_file" for hierarchy "simon_says:GAME|register_file:Reg"
Info (12128): Elaborating entity "vga" for hierarchy "vga:VGA_DISPLAY"
Info (12128): Elaborating entity "double_seven_seg" for hierarchy "double_seven_seg:SevenSeg1"
Info (276014): Found 3 instances of uninferred RAM logic
    Info (276004): RAM logic "double_seven_seg:SevenSeg1|Ram0" is uninferred due to inappropriate RAM size
    Info (276004): RAM logic "double_seven_seg:SevenSeg2|Ram0" is uninferred due to inappropriate RAM size
    Info (276004): RAM logic "simon_says:GAME|register_file:Reg|registers" is uninferred due to inappropriate RAM size
Warning (13024): Output pins are stuck at VCC or GND
    Warning (13410): Pin "sync" is stuck at GND
    Warning (13410): Pin "blank" is stuck at VCC
    Warning (13410): Pin "levelDisplay[8]" is stuck at GND
    Warning (13410): Pin "triesDisplay[8]" is stuck at GND
Info (286030): Timing-Driven Synthesis is running
Info (16010): Generating hard_block partition "hard_block:auto_generated_inst"
    Info (16011): Adding 0 node(s), including 0 DDIO, 0 PLL, 0 transceiver and 0 LCELL
Info (21057): Implemented 577 device resources after synthesis - the final resource count might be different
    Info (21058): Implemented 7 input pins
    Info (21059): Implemented 61 output pins
    Info (21061): Implemented 509 logic cells
Info: Quartus II 64-Bit Analysis & Synthesis was successful. 0 errors, 6 warnings
    Info: Peak virtual memory: 582 megabytes
    Info: Processing ended: Mon Dec 05 21:13:35 2016
    Info: Elapsed time: 00:00:03
    Info: Total CPU time (on all processors): 00:00:03


